2021-03-02T04:19:51+00:00 CRITICAL Uncaught Error: Call to undefined function eto_get_image() in D:\Projects\Baohosocvang\wp-content\themes\supermarket-ecommerce\header.php:20
Stack trace:
#0 D:\Projects\Baohosocvang\wp-includes\template.php(722): require_once()
#1 D:\Projects\Baohosocvang\wp-includes\template.php(671): load_template('D:\\Projects\\Bao...', true)
#2 D:\Projects\Baohosocvang\wp-includes\general-template.php(41): locate_template(Array, true)
#3 D:\Projects\Baohosocvang\wp-content\themes\supermarket-ecommerce\page.php(10): get_header()
#4 D:\Projects\Baohosocvang\wp-includes\template-loader.php(98): include('D:\\Projects\\Bao...')
#5 D:\Projects\Baohosocvang\wp-blog-header.php(19): require_once('D:\\Projects\\Bao...')
#6 D:\Projects\Baohosocvang\index.php(17): require('D:\\Projects\\Bao...')
#7 {main}
  thrown in D:\Projects\Baohosocvang\wp-content\themes\supermarket-ecommerce\header.php on line 20

2021-03-02T04:20:17+00:00 CRITICAL Uncaught Error: Call to undefined function eto_get_image() in D:\Projects\Baohosocvang\wp-content\themes\supermarket-ecommerce\header.php:20
Stack trace:
#0 D:\Projects\Baohosocvang\wp-includes\template.php(722): require_once()
#1 D:\Projects\Baohosocvang\wp-includes\template.php(671): load_template('D:\\Projects\\Bao...', true)
#2 D:\Projects\Baohosocvang\wp-includes\general-template.php(41): locate_template(Array, true)
#3 D:\Projects\Baohosocvang\wp-content\themes\supermarket-ecommerce\page.php(10): get_header()
#4 D:\Projects\Baohosocvang\wp-includes\template-loader.php(98): include('D:\\Projects\\Bao...')
#5 D:\Projects\Baohosocvang\wp-blog-header.php(19): require_once('D:\\Projects\\Bao...')
#6 D:\Projects\Baohosocvang\index.php(17): require('D:\\Projects\\Bao...')
#7 {main}
  thrown in D:\Projects\Baohosocvang\wp-content\themes\supermarket-ecommerce\header.php on line 20

2021-03-02T04:21:18+00:00 CRITICAL Uncaught Error: Call to undefined function eto_get_image() in D:\Projects\Baohosocvang\wp-content\themes\supermarket-ecommerce\header.php:20
Stack trace:
#0 D:\Projects\Baohosocvang\wp-includes\template.php(722): require_once()
#1 D:\Projects\Baohosocvang\wp-includes\template.php(671): load_template('D:\\Projects\\Bao...', true)
#2 D:\Projects\Baohosocvang\wp-includes\general-template.php(41): locate_template(Array, true)
#3 D:\Projects\Baohosocvang\wp-content\themes\supermarket-ecommerce\page.php(10): get_header()
#4 D:\Projects\Baohosocvang\wp-includes\template-loader.php(98): include('D:\\Projects\\Bao...')
#5 D:\Projects\Baohosocvang\wp-blog-header.php(19): require_once('D:\\Projects\\Bao...')
#6 D:\Projects\Baohosocvang\index.php(17): require('D:\\Projects\\Bao...')
#7 {main}
  thrown in D:\Projects\Baohosocvang\wp-content\themes\supermarket-ecommerce\header.php on line 20

